<?xml version="1.0" encoding="UTF-8"?>
<testsuite xmlns:xsi="http://www.w3.org/2001/XMLSchema-instance" xsi:noNamespaceSchemaLocation="https://maven.apache.org/surefire/maven-surefire-plugin/xsd/surefire-test-report-3.0.xsd" version="3.0" name="com.example.serviceproxy.ServiceProxyServerTest" time="5.006" tests="3" errors="0" skipped="0" failures="0">
  <properties>
[...]
</properties>
  <testcase name="testHealthEndpoint" classname="com.example.serviceproxy.ServiceProxyServerTest" time="3.183">
    <system-out><![CDATA[2025-07-06 09:44:27 [Thread-1] INFO  c.e.serviceproxy.ServiceProxyServer - Proxy mappings configured successfully
2025-07-06 09:44:27 [Thread-1] INFO  c.e.serviceproxy.ServiceProxyServer - Service Proxy Server started on port 8089
2025-07-06 09:44:27 [Thread-1] INFO  c.e.serviceproxy.ServiceProxyServer - Proxy mappings:
2025-07-06 09:44:27 [Thread-1] INFO  c.e.serviceproxy.ServiceProxyServer -   /am/* -> http://localhost:9001
2025-07-06 09:44:27 [Thread-1] INFO  c.e.serviceproxy.ServiceProxyServer -   /services/* -> http://localhost:9002
2025-07-06 09:44:27 [Thread-1] INFO  c.e.serviceproxy.ServiceProxyServer - Server ready to handle requests!
2025-07-06 09:44:28 [main] INFO  c.e.serviceproxy.ServiceProxyServer - Service Proxy Server stopped
]]></system-out>
  </testcase>
  <testcase name="testRootEndpoint" classname="com.example.serviceproxy.ServiceProxyServerTest" time="1.085">
    <system-out><![CDATA[2025-07-06 09:44:28 [Thread-16] INFO  c.e.serviceproxy.ServiceProxyServer - Proxy mappings configured successfully
2025-07-06 09:44:28 [Thread-16] INFO  c.e.serviceproxy.ServiceProxyServer - Service Proxy Server started on port 8089
2025-07-06 09:44:28 [Thread-16] INFO  c.e.serviceproxy.ServiceProxyServer - Proxy mappings:
2025-07-06 09:44:28 [Thread-16] INFO  c.e.serviceproxy.ServiceProxyServer -   /am/* -> http://localhost:9001
2025-07-06 09:44:28 [Thread-16] INFO  c.e.serviceproxy.ServiceProxyServer -   /services/* -> http://localhost:9002
2025-07-06 09:44:28 [Thread-16] INFO  c.e.serviceproxy.ServiceProxyServer - Server ready to handle requests!
2025-07-06 09:44:29 [main] INFO  c.e.serviceproxy.ServiceProxyServer - Service Proxy Server stopped
]]></system-out>
  </testcase>
  <testcase name="testCustomMappingAddition" classname="com.example.serviceproxy.ServiceProxyServerTest" time="0.714">
    <system-out><![CDATA[2025-07-06 09:44:29 [Thread-30] INFO  c.e.serviceproxy.ServiceProxyServer - Proxy mappings configured successfully
2025-07-06 09:44:29 [Thread-30] INFO  c.e.serviceproxy.ServiceProxyServer - Service Proxy Server started on port 8089
2025-07-06 09:44:29 [Thread-30] INFO  c.e.serviceproxy.ServiceProxyServer - Proxy mappings:
2025-07-06 09:44:29 [Thread-30] INFO  c.e.serviceproxy.ServiceProxyServer -   /am/* -> http://localhost:9001
2025-07-06 09:44:29 [Thread-30] INFO  c.e.serviceproxy.ServiceProxyServer -   /services/* -> http://localhost:9002
2025-07-06 09:44:29 [Thread-30] INFO  c.e.serviceproxy.ServiceProxyServer - Server ready to handle requests!
2025-07-06 09:44:29 [main] INFO  c.e.serviceproxy.ServiceProxyServer - Added custom mapping: GET /custom/.* -> http://localhost:9999
2025-07-06 09:44:29 [main] INFO  c.e.serviceproxy.ServiceProxyServer - Service Proxy Server stopped
]]></system-out>
  </testcase>
</testsuite>